d:\git\mamorymanager\optada_memorymanager\x64\debug\vc142.pdb
d:\git\mamorymanager\optada_memorymanager\x64\debug\vc142.idb
d:\git\mamorymanager\optada_memorymanager\x64\debug\optadac_simplememorybuffer.obj
d:\git\mamorymanager\optada_memorymanager\x64\debug\optadac_memorycells_staticcyclicbuffer.obj
d:\git\mamorymanager\optada_memorymanager\x64\debug\source.obj
d:\git\mamorymanager\optada_memorymanager\x64\debug\optada_memorymanager.obj
d:\git\mamorymanager\optada_memorymanager\x64\debug\optadac_multithreadedsimplememorybuffer.obj
d:\git\mamorymanager\optada_memorymanager\x64\debug\optada_memory_c_cyclicmemoryelemsbuffer.obj
d:\git\mamorymanager\optada_memorymanager\x64\debug\optada_memory_c_simplememorybuffer.obj
d:\git\mamorymanager\optada_memorymanager\x64\debug\optadac_simplememorybuffer.obj.enc
d:\git\mamorymanager\optada_memorymanager\x64\debug\optada_memorymanager.obj.enc
d:\git\mamorymanager\optada_memorymanager\x64\debug\source.obj.enc
d:\git\mamorymanager\optada_memorymanager\x64\debug\optada_m.fdeb44eb.tlog\cl.command.1.tlog
d:\git\mamorymanager\optada_memorymanager\x64\debug\optada_m.fdeb44eb.tlog\cl.read.1.tlog
d:\git\mamorymanager\optada_memorymanager\x64\debug\optada_m.fdeb44eb.tlog\cl.write.1.tlog
d:\git\mamorymanager\optada_memorymanager\x64\debug\optada_m.fdeb44eb.tlog\link.1092-cvtres.read.1.tlog
d:\git\mamorymanager\optada_memorymanager\x64\debug\optada_m.fdeb44eb.tlog\link.1092-cvtres.write.1.tlog
d:\git\mamorymanager\optada_memorymanager\x64\debug\optada_m.fdeb44eb.tlog\link.1092-rc.read.1.tlog
d:\git\mamorymanager\optada_memorymanager\x64\debug\optada_m.fdeb44eb.tlog\link.1092-rc.write.1.tlog
d:\git\mamorymanager\optada_memorymanager\x64\debug\optada_m.fdeb44eb.tlog\link.1092.read.1.tlog
d:\git\mamorymanager\optada_memorymanager\x64\debug\optada_m.fdeb44eb.tlog\link.1092.write.1.tlog
d:\git\mamorymanager\optada_memorymanager\x64\debug\optada_m.fdeb44eb.tlog\link.command.1.tlog
d:\git\mamorymanager\optada_memorymanager\x64\debug\optada_m.fdeb44eb.tlog\link.read.1.tlog
d:\git\mamorymanager\optada_memorymanager\x64\debug\optada_m.fdeb44eb.tlog\link.write.1.tlog
